<?xml version="1.0" encoding="UTF-8"?>
<!-- Generated by org.testng.reporters.JUnitReportReporter -->
<testsuite hostname="LAPTOP-DFUCNCIC" failures="0" tests="3" name="Automation1.Actions1" time="12.589" errors="0" timestamp="2021-08-20T21:29:53 EDT" skipped="0">
  <testcase classname="Automation1.Actions1" name="actions" time="8.844"/>
  <system-out/>
  <testcase classname="Automation1.Actions1" name="alerts1" time="0.548"/>
  <system-out/>
  <testcase classname="Automation1.Actions1" name="frames" time="3.197"/>
  <system-out/>
</testsuite> <!-- Automation1.Actions1 -->
