<?xml version="1.0" encoding="UTF-8"?>
<!-- Generated by org.testng.reporters.JUnitReportReporter -->
<testsuite hostname="LAPTOP-DFUCNCIC" failures="0" tests="1" name="Automation1.Loops" time="19.838" errors="0" timestamp="2021-08-09T17:17:59 EDT" skipped="0">
  <testcase classname="Automation1.Loops" name="frame" time="19.838"/>
  <system-out/>
</testsuite> <!-- Automation1.Loops -->
