<?xml version="1.0" encoding="UTF-8"?>
<!-- Generated by org.testng.reporters.JUnitReportReporter -->
<testsuite hostname="LAPTOP-DFUCNCIC" failures="0" tests="1" name="Automation1.Loops" time="7.174" errors="0" timestamp="2021-08-20T21:29:53 EDT" skipped="0">
  <testcase classname="Automation1.Loops" name="frame" time="7.174"/>
  <system-out/>
</testsuite> <!-- Automation1.Loops -->
