<?xml version="1.0" encoding="UTF-8"?>
<!-- Generated by org.testng.reporters.JUnitReportReporter -->
<testsuite hostname="LAPTOP-DFUCNCIC" failures="0" tests="10" name="Automation1.TestNg" time="36.740" errors="0" timestamp="2021-07-29T10:27:24 EDT" skipped="0">
  <testcase classname="Automation1.TestNg" name="openurl" time="6.705"/>
  <system-out/>
  <testcase classname="Automation1.TestNg" name="signin" time="11.714"/>
  <system-out/>
  <testcase classname="Automation1.TestNg" name="enteremail" time="0.158"/>
  <system-out/>
  <testcase classname="Automation1.TestNg" name="enteremail" time="0.137"/>
  <system-out/>
  <testcase classname="Automation1.TestNg" name="enteremail" time="0.204"/>
  <system-out/>
  <testcase classname="Automation1.TestNg" name="clicksubmit" time="0.062"/>
  <system-out/>
  <testcase classname="Automation1.TestNg" name="personalinfo" time="7.202"/>
  <system-out/>
  <testcase classname="Automation1.TestNg" name="selectdays" time="10.330"/>
  <system-out/>
  <testcase classname="Automation1.TestNg" name="company" time="0.079"/>
  <system-out/>
  <testcase classname="Automation1.TestNg" name="mobilephone" time="0.149"/>
  <system-out/>
</testsuite> <!-- Automation1.TestNg -->
